<?xml version="1.0" encoding="UTF-8"?>
<!-- Generated by org.testng.reporters.JUnitXMLReporter -->
<testsuite hostname="aham" ignored="4" name="Test" tests="2" failures="0" timestamp="2023-03-08T12:37:58 IST" time="51.187" errors="0">
  <testcase name="demoSuite" time="0.012" classname="vTiger.Organizations.CreateOrganizationFinalScript"/>
  <testcase name="createContactWithOrg" time="25.966" classname="vTiger.Contacts.CreateContactWithOrganizationFinalScript"/>
  <testcase name="@AfterSuite asConfig" time="0.0" classname="vtiger.GenericUtilities.BaseClass">
    <ignored/>
  </testcase> <!-- @AfterSuite asConfig -->
  <testcase name="regionaltesting" time="0.0" classname="vTiger.Organizations.CreateOrganizationFinalScript">
    <ignored/>
  </testcase> <!-- regionaltesting -->
  <testcase name="@BeforeSuite bsConfig" time="0.0" classname="vtiger.GenericUtilities.BaseClass">
    <ignored/>
  </testcase> <!-- @BeforeSuite bsConfig -->
  <testcase name="createOrg" time="0.0" classname="vTiger.Organizations.CreateOrganizationFinalScript">
    <ignored/>
  </testcase> <!-- createOrg -->
</testsuite> <!-- Test -->
